10:56:55: Creating resource group General
10:56:55: Creating resource group Internal
10:56:55: Creating resource group Autodetect
10:56:55: SceneManagerFactory for type 'DefaultSceneManager' registered.
10:56:55: Registering ResourceManager for type Material
10:56:55: Registering ResourceManager for type Mesh
10:56:55: Registering ResourceManager for type Skeleton
10:56:55: MovableObjectFactory for type 'ParticleSystem' registered.
10:56:55: OverlayElementFactory for type Panel registered.
10:56:55: OverlayElementFactory for type BorderPanel registered.
10:56:55: OverlayElementFactory for type TextArea registered.
10:56:55: Registering ResourceManager for type Font
10:56:55: ArchiveFactory for archive type FileSystem registered.
10:56:55: ArchiveFactory for archive type Zip registered.
10:56:55: DDS codec registering
10:56:55: FreeImage version: 3.13.1
10:56:55: This program uses FreeImage, a free, open source image library supporting all common bitmap formats. See http://freeimage.sourceforge.net for details
10:56:55: Supported formats: bmp,ico,jpg,jif,jpeg,jpe,jng,koa,iff,lbm,mng,pbm,pbm,pcd,pcx,pgm,pgm,png,ppm,ppm,ras,tga,targa,tif,tiff,wap,wbmp,wbm,psd,cut,xbm,xpm,gif,hdr,g3,sgi,exr,j2k,j2c,jp2,pfm,pct,pict,pic,bay,bmq,cr2,crw,cs1,dc2,dcr,dng,erf,fff,hdr,k25,kdc,mdc,mos,mrw,nef,orf,pef,pxn,raf,raw,rdc,sr2,srf,arw,3fr,cine,ia,kc2,mef,nrw,qtk,rw2,sti,drf,dsc,ptx,cap,iiq,rwz
10:56:55: Registering ResourceManager for type HighLevelGpuProgram
10:56:55: Registering ResourceManager for type Compositor
10:56:55: MovableObjectFactory for type 'Entity' registered.
10:56:55: MovableObjectFactory for type 'Light' registered.
10:56:55: MovableObjectFactory for type 'BillboardSet' registered.
10:56:55: MovableObjectFactory for type 'ManualObject' registered.
10:56:55: MovableObjectFactory for type 'BillboardChain' registered.
10:56:55: MovableObjectFactory for type 'RibbonTrail' registered.
10:56:55: Loading library .\RenderSystem_Direct3D9_d
10:56:55: Installing plugin: D3D9 RenderSystem
10:56:55: D3D9 : Direct3D9 Rendering Subsystem created.
10:56:55: D3D9: Driver Detection Starts
10:56:55: D3D9: Driver Detection Ends
10:56:55: Plugin successfully installed
10:56:55: Loading library .\RenderSystem_GL_d
10:56:55: Installing plugin: GL RenderSystem
10:56:55: OpenGL Rendering Subsystem created.
10:56:57: Plugin successfully installed
10:56:57: Loading library .\Plugin_ParticleFX_d
10:56:57: Installing plugin: ParticleFX
10:56:57: Particle Emitter Type 'Point' registered
10:56:57: Particle Emitter Type 'Box' registered
10:56:57: Particle Emitter Type 'Ellipsoid' registered
10:56:57: Particle Emitter Type 'Cylinder' registered
10:56:57: Particle Emitter Type 'Ring' registered
10:56:57: Particle Emitter Type 'HollowEllipsoid' registered
10:56:57: Particle Affector Type 'LinearForce' registered
10:56:57: Particle Affector Type 'ColourFader' registered
10:56:57: Particle Affector Type 'ColourFader2' registered
10:56:57: Particle Affector Type 'ColourImage' registered
10:56:57: Particle Affector Type 'ColourInterpolator' registered
10:56:57: Particle Affector Type 'Scaler' registered
10:56:57: Particle Affector Type 'Rotator' registered
10:56:57: Particle Affector Type 'DirectionRandomiser' registered
10:56:57: Particle Affector Type 'DeflectorPlane' registered
10:56:57: Plugin successfully installed
10:56:57: Loading library .\Plugin_BSPSceneManager_d
10:56:57: Installing plugin: BSP Scene Manager
10:56:57: Plugin successfully installed
10:56:57: Loading library .\Plugin_CgProgramManager_d
10:56:58: Installing plugin: Cg Program Manager
10:56:58: Plugin successfully installed
10:56:58: Loading library .\Plugin_PCZSceneManager_d
10:56:58: Installing plugin: Portal Connected Zone Scene Manager
10:56:58: PCZone Factory Type 'ZoneType_Default' registered
10:56:58: Plugin successfully installed
10:56:58: Loading library .\Plugin_OctreeZone_d
10:56:58: Installing plugin: Octree Zone Factory
10:56:58: Plugin successfully installed
10:56:58: Loading library .\Plugin_OctreeSceneManager_d
10:56:58: Installing plugin: Octree & Terrain Scene Manager
10:56:58: Plugin successfully installed
10:56:58: *-*-* OGRE Initialising
10:56:58: *-*-* Version 1.7.2 (Cthugha)
10:56:58: D3D9 : RenderSystem Option: Allow NVPerfHUD = No
10:56:58: D3D9 : RenderSystem Option: FSAA = 0
10:56:58: D3D9 : RenderSystem Option: Floating-point mode = Fastest
10:56:58: D3D9 : RenderSystem Option: Full Screen = No
10:56:58: D3D9 : RenderSystem Option: Rendering Device = Monitor-1-ATI Radeon HD 5700 Series
10:56:58: D3D9 : RenderSystem Option: Resource Creation Policy = Create on all devices
10:56:58: D3D9 : RenderSystem Option: VSync = No
10:56:58: D3D9 : RenderSystem Option: VSync Interval = 1
10:56:58: D3D9 : RenderSystem Option: Video Mode = 800 x 600 @ 32-bit colour
10:56:58: D3D9 : RenderSystem Option: sRGB Gamma Conversion = No
10:57:01: CPU Identifier & Features
10:57:01: -------------------------
10:57:01:  *   CPU ID: GenuineIntel: Intel(R) Core(TM)2 Quad  CPU   Q9550  @ 2.83GHz
10:57:01:  *      SSE: yes
10:57:01:  *     SSE2: yes
10:57:01:  *     SSE3: yes
10:57:01:  *      MMX: yes
10:57:01:  *   MMXEXT: yes
10:57:01:  *    3DNOW: no
10:57:01:  * 3DNOWEXT: no
10:57:01:  *     CMOV: yes
10:57:01:  *      TSC: yes
10:57:01:  *      FPU: yes
10:57:01:  *      PRO: yes
10:57:01:  *       HT: no
10:57:01: -------------------------
10:57:01: D3D9 : Subsystem Initialising
10:57:01: Registering ResourceManager for type Texture
10:57:01: Registering ResourceManager for type GpuProgram
10:57:01: D3D9RenderSystem::_createRenderWindow "AdvancedOgreFramework", 800x600 windowed  miscParams: FSAA=0 FSAAHint= colourDepth=32 gamma=false monitorIndex=0 useNVPerfHUD=false vsync=false vsyncInterval=1 
10:57:01: D3D9 : Created D3D9 Rendering Window 'AdvancedOgreFramework' : 800x600, 32bpp
10:57:01: D3D9 : WARNING - disabling VSync in windowed mode can cause timing issues at lower frame rates, turn VSync on if you observe this problem.
10:57:01: D3D9: Vertex texture format supported - PF_L8
10:57:01: D3D9: Vertex texture format supported - PF_L16
10:57:01: D3D9: Vertex texture format supported - PF_A8
10:57:01: D3D9: Vertex texture format supported - PF_A4L4
10:57:01: D3D9: Vertex texture format supported - PF_BYTE_LA
10:57:01: D3D9: Vertex texture format supported - PF_R5G6B5
10:57:01: D3D9: Vertex texture format supported - PF_B5G6R5
10:57:01: D3D9: Vertex texture format supported - PF_A4R4G4B4
10:57:01: D3D9: Vertex texture format supported - PF_A1R5G5B5
10:57:01: D3D9: Vertex texture format supported - PF_A8R8G8B8
10:57:01: D3D9: Vertex texture format supported - PF_B8G8R8A8
10:57:01: D3D9: Vertex texture format supported - PF_A2R10G10B10
10:57:01: D3D9: Vertex texture format supported - PF_A2B10G10R10
10:57:01: D3D9: Vertex texture format supported - PF_DXT1
10:57:01: D3D9: Vertex texture format supported - PF_DXT2
10:57:01: D3D9: Vertex texture format supported - PF_DXT3
10:57:01: D3D9: Vertex texture format supported - PF_DXT4
10:57:01: D3D9: Vertex texture format supported - PF_DXT5
10:57:01: D3D9: Vertex texture format supported - PF_FLOAT16_RGB
10:57:01: D3D9: Vertex texture format supported - PF_FLOAT16_RGBA
10:57:01: D3D9: Vertex texture format supported - PF_FLOAT32_RGB
10:57:01: D3D9: Vertex texture format supported - PF_FLOAT32_RGBA
10:57:01: D3D9: Vertex texture format supported - PF_X8R8G8B8
10:57:01: D3D9: Vertex texture format supported - PF_X8B8G8R8
10:57:01: D3D9: Vertex texture format supported - PF_R8G8B8A8
10:57:01: D3D9: Vertex texture format supported - PF_DEPTH
10:57:01: D3D9: Vertex texture format supported - PF_SHORT_RGBA
10:57:01: D3D9: Vertex texture format supported - PF_FLOAT16_R
10:57:01: D3D9: Vertex texture format supported - PF_FLOAT32_R
10:57:01: D3D9: Vertex texture format supported - PF_SHORT_GR
10:57:01: D3D9: Vertex texture format supported - PF_FLOAT16_GR
10:57:01: D3D9: Vertex texture format supported - PF_FLOAT32_GR
10:57:01: D3D9: Vertex texture format supported - PF_SHORT_RGB
10:57:01: D3D9: Vertex texture format supported - PF_PVRTC_RGB2
10:57:01: D3D9: Vertex texture format supported - PF_PVRTC_RGBA2
10:57:01: D3D9: Vertex texture format supported - PF_PVRTC_RGB4
10:57:01: D3D9: Vertex texture format supported - PF_PVRTC_RGBA4
10:57:01: RenderSystem capabilities
10:57:01: -------------------------
10:57:01: RenderSystem Name: Direct3D9 Rendering Subsystem
10:57:01: GPU Vendor: ati
10:57:01: Device Name: Monitor-1-ATI Radeon HD 5700 Series
10:57:01: Driver Version: 8.17.10.1091
10:57:01:  * Fixed function pipeline: yes
10:57:01:  * Hardware generation of mipmaps: yes
10:57:01:  * Texture blending: yes
10:57:01:  * Anisotropic texture filtering: yes
10:57:01:  * Dot product texture operation: yes
10:57:01:  * Cube mapping: yes
10:57:01:  * Hardware stencil buffer: yes
10:57:01:    - Stencil depth: 8
10:57:01:    - Two sided stencil support: yes
10:57:01:    - Wrap stencil values: yes
10:57:01:  * Hardware vertex / index buffers: yes
10:57:01:  * Vertex programs: yes
10:57:01:  * Number of floating-point constants for vertex programs: 256
10:57:01:  * Number of integer constants for vertex programs: 16
10:57:01:  * Number of boolean constants for vertex programs: 16
10:57:01:  * Fragment programs: yes
10:57:01:  * Number of floating-point constants for fragment programs: 224
10:57:01:  * Number of integer constants for fragment programs: 16
10:57:01:  * Number of boolean constants for fragment programs: 16
10:57:01:  * Geometry programs: no
10:57:01:  * Number of floating-point constants for geometry programs: 0
10:57:01:  * Number of integer constants for geometry programs: 0
10:57:01:  * Number of boolean constants for geometry programs: 0
10:57:01:  * Supported Shader Profiles: hlsl ps_1_1 ps_1_2 ps_1_3 ps_1_4 ps_2_0 ps_2_a ps_2_b ps_2_x ps_3_0 vs_1_1 vs_2_0 vs_2_a vs_2_x vs_3_0
10:57:01:  * Texture Compression: yes
10:57:01:    - DXT: yes
10:57:01:    - VTC: no
10:57:01:    - PVRTC: no
10:57:01:  * Scissor Rectangle: yes
10:57:01:  * Hardware Occlusion Query: yes
10:57:01:  * User clip planes: yes
10:57:01:  * VET_UBYTE4 vertex element type: yes
10:57:01:  * Infinite far plane projection: yes
10:57:01:  * Hardware render-to-texture: yes
10:57:01:  * Floating point textures: yes
10:57:01:  * Non-power-of-two textures: yes
10:57:01:  * Volume textures: yes
10:57:01:  * Multiple Render Targets: 4
10:57:01:    - With different bit depths: yes
10:57:01:  * Point Sprites: yes
10:57:01:  * Extended point parameters: yes
10:57:01:  * Max Point Size: 10
10:57:01:  * Vertex texture fetch: yes
10:57:01:  * Number of world matrices: 0
10:57:01:  * Number of texture units: 8
10:57:01:  * Stencil buffer depth: 8
10:57:01:  * Number of vertex blend matrices: 0
10:57:01:    - Max vertex textures: 4
10:57:01:    - Vertex textures shared: no
10:57:01:  * Render to Vertex Buffer : no
10:57:01:  * DirectX per stage constants: yes
10:57:01: ***************************************
10:57:01: *** D3D9 : Subsystem Initialised OK ***
10:57:01: ***************************************
10:57:01: DefaultWorkQueue('Root') initialising on thread 0028B9A8.
10:57:01: DefaultWorkQueue('Root')::WorkerFunc - thread 002CBB70 starting.
10:57:01: DefaultWorkQueue('Root')::WorkerFunc - thread 002CBBE0 starting.
10:57:01: DefaultWorkQueue('Root')::WorkerFunc - thread 002CCB30 starting.
10:57:01: DefaultWorkQueue('Root')::WorkerFunc - thread 002D2560 starting.
10:57:01: Particle Renderer Type 'billboard' registered
10:57:01: SceneManagerFactory for type 'BspSceneManager' registered.
10:57:01: Registering ResourceManager for type BspLevel
10:57:01: SceneManagerFactory for type 'PCZSceneManager' registered.
10:57:01: MovableObjectFactory for type 'PCZLight' registered.
10:57:01: MovableObjectFactory for type 'Portal' registered.
10:57:01: MovableObjectFactory for type 'AntiPortal' registered.
10:57:01: PCZone Factory Type 'ZoneType_Octree' registered
10:57:01: PCZone Factory Type 'ZoneType_Terrain' registered
10:57:01: SceneManagerFactory for type 'OctreeSceneManager' registered.
10:57:01: SceneManagerFactory for type 'TerrainSceneManager' registered.
10:57:01: Creating resource group Essential
10:57:01: Added resource location '../media/thumbnails' of type 'FileSystem' to resource group 'Essential'
10:57:01: Added resource location '../media/packs/SdkTrays.zip' of type 'Zip' to resource group 'Essential'
10:57:01: Added resource location '../media/cube_scene' of type 'FileSystem' to resource group 'General'
10:57:01: Creating resource group Popular
10:57:01: Added resource location '../media/materials/scripts' of type 'FileSystem' to resource group 'Popular'
10:57:01: Added resource location '../media/materials/textures' of type 'FileSystem' to resource group 'Popular'
10:57:01: Added resource location '../media/models' of type 'FileSystem' to resource group 'Popular'
10:57:01: Added resource location '../media/packs/cubemap.zip' of type 'Zip' to resource group 'Popular'
10:57:01: Added resource location '../media/packs/cubemapsJS.zip' of type 'Zip' to resource group 'Popular'
10:57:01: Added resource location '../media/packs/OgreCore.zip' of type 'Zip' to resource group 'Popular'
10:57:01: Parsing scripts for resource group Autodetect
10:57:01: Finished parsing scripts for resource group Autodetect
10:57:01: Parsing scripts for resource group Essential
10:57:01: Parsing script SdkTrays.material
10:57:02: Parsing script SdkTrays.fontdef
10:57:02: Parsing script SdkTrays.overlay
10:57:02: Bad element attribute line: '# you can offset the image to change the cursor "hotspot"' for element SdkTrays/Cursor in overlay 
10:57:02: Texture: sdk_cursor.png: Loading 1 faces(PF_A8R8G8B8,32x32x1) with  hardware generated mipmaps from Image. Internal format is PF_A8R8G8B8,32x32x1.
10:57:02: Texture: sdk_tray.png: Loading 1 faces(PF_A8R8G8B8,64x64x1) with  hardware generated mipmaps from Image. Internal format is PF_A8R8G8B8,64x64x1.
10:57:02: Texture: sdk_button_up.png: Loading 1 faces(PF_A8R8G8B8,128x32x1) with  hardware generated mipmaps from Image. Internal format is PF_A8R8G8B8,128x32x1.
10:57:02: Texture: sdk_text_box.png: Loading 1 faces(PF_A8R8G8B8,32x32x1) with  hardware generated mipmaps from Image. Internal format is PF_A8R8G8B8,32x32x1.
10:57:02: Texture: sdk_mini_tray.png: Loading 1 faces(PF_A8R8G8B8,32x32x1) with  hardware generated mipmaps from Image. Internal format is PF_A8R8G8B8,32x32x1.
10:57:02: Texture: sdk_track.png: Loading 1 faces(PF_A8R8G8B8,16x32x1) with  hardware generated mipmaps from Image. Internal format is PF_A8R8G8B8,16x32x1.
10:57:02: Texture: sdk_handle.png: Loading 1 faces(PF_A8R8G8B8,16x16x1) with  hardware generated mipmaps from Image. Internal format is PF_A8R8G8B8,16x16x1.
10:57:02: Texture: sdk_mini_text_box.png: Loading 1 faces(PF_A8R8G8B8,32x32x1) with  hardware generated mipmaps from Image. Internal format is PF_A8R8G8B8,32x32x1.
10:57:02: Texture: sdk_label.png: Loading 1 faces(PF_A8R8G8B8,32x32x1) with  hardware generated mipmaps from Image. Internal format is PF_A8R8G8B8,32x32x1.
10:57:02: Texture: sdk_separator.png: Loading 1 faces(PF_A8R8G8B8,64x16x1) with  hardware generated mipmaps from Image. Internal format is PF_A8R8G8B8,64x16x1.
10:57:02: Texture: sdk_logo.png: Loading 1 faces(PF_A8R8G8B8,128x64x1) with  hardware generated mipmaps from Image. Internal format is PF_A8R8G8B8,128x64x1.
10:57:02: Texture: sdk_shade.png: Loading 1 faces(PF_A8R8G8B8,64x48x1) with 5 generated mipmaps from Image. Internal format is PF_A8R8G8B8,64x48x1.
10:57:02: Texture: sdk_frame.png: Loading 1 faces(PF_A8R8G8B8,32x32x1) with  hardware generated mipmaps from Image. Internal format is PF_A8R8G8B8,32x32x1.
10:57:02: Texture: sdk_mini_text_box_over.png: Loading 1 faces(PF_A8R8G8B8,32x32x1) with  hardware generated mipmaps from Image. Internal format is PF_A8R8G8B8,32x32x1.
10:57:02: Texture: sdk_pulse.png: Loading 1 faces(PF_R8G8B8,8x1x1) with  hardware generated mipmaps from Image. Internal format is PF_X8R8G8B8,8x1x1.
10:57:02: Finished parsing scripts for resource group Essential
10:57:02: Parsing scripts for resource group General
10:57:02: Parsing script Scene.material
10:57:02: Finished parsing scripts for resource group General
10:57:02: Parsing scripts for resource group Internal
10:57:02: Finished parsing scripts for resource group Internal
10:57:02: Parsing scripts for resource group Popular
10:57:02: Parsing script Examples.material
10:57:04: Compiler error: reference to a non existing object in Examples.material(253)
10:57:04: OGRE EXCEPTION(6:FileNotFoundException): Cannot locate resource hdr.cg in resource group Popular or any other group. in ResourceGroupManager::openResource at ..\..\..\..\OgreMain\src\OgreResourceGroupManager.cpp (line 753)
10:57:04: High-level program Examples/MorningSkyBoxHDRfp encountered an error during loading and is thus not supported.
OGRE EXCEPTION(6:FileNotFoundException): Cannot locate resource hdr.cg in resource group Popular or any other group. in ResourceGroupManager::openResource at ..\..\..\..\OgreMain\src\OgreResourceGroupManager.cpp (line 753)
10:57:04: OGRE EXCEPTION(6:FileNotFoundException): Cannot locate resource hdr.cg in resource group Popular or any other group. in ResourceGroupManager::openResource at ..\..\..\..\OgreMain\src\OgreResourceGroupManager.cpp (line 753)
10:57:04: High-level program Examples/MorningCubeMapHDRfp encountered an error during loading and is thus not supported.
OGRE EXCEPTION(6:FileNotFoundException): Cannot locate resource hdr.cg in resource group Popular or any other group. in ResourceGroupManager::openResource at ..\..\..\..\OgreMain\src\OgreResourceGroupManager.cpp (line 753)
10:57:04: Compiler error: reference to a non existing object in Examples.material(772)
10:57:04: Compiler error: reference to a non existing object in Examples.material(784)
10:57:04: OGRE EXCEPTION(6:FileNotFoundException): Cannot locate resource Grass.cg in resource group Popular or any other group. in ResourceGroupManager::openResource at ..\..\..\..\OgreMain\src\OgreResourceGroupManager.cpp (line 753)
10:57:04: High-level program Examples/GrassWaverVp encountered an error during loading and is thus not supported.
OGRE EXCEPTION(6:FileNotFoundException): Cannot locate resource Grass.cg in resource group Popular or any other group. in ResourceGroupManager::openResource at ..\..\..\..\OgreMain\src\OgreResourceGroupManager.cpp (line 753)
10:57:04: OGRE EXCEPTION(2:InvalidParametersException): Named constants have not been initialised, perhaps a compile error. in GpuProgramParameters::_findNamedConstantDefinition at ..\..\..\..\OgreMain\src\OgreGpuProgramParams.cpp (line 1423)
10:57:04: Compiler error: invalid parameters in Examples.material(835): setting of constant failed
10:57:04: OGRE EXCEPTION(2:InvalidParametersException): Named constants have not been initialised, perhaps a compile error. in GpuProgramParameters::_findNamedConstantDefinition at ..\..\..\..\OgreMain\src\OgreGpuProgramParams.cpp (line 1423)
10:57:04: Compiler error: invalid parameters in Examples.material(837): setting of constant failed
10:57:04: OGRE EXCEPTION(2:InvalidParametersException): Named constants have not been initialised, perhaps a compile error. in GpuProgramParameters::_findNamedConstantDefinition at ..\..\..\..\OgreMain\src\OgreGpuProgramParams.cpp (line 1423)
10:57:04: Compiler error: invalid parameters in Examples.material(839): setting of constant failed
10:57:04: OGRE EXCEPTION(2:InvalidParametersException): Named constants have not been initialised, perhaps a compile error. in GpuProgramParameters::_findNamedConstantDefinition at ..\..\..\..\OgreMain\src\OgreGpuProgramParams.cpp (line 1423)
10:57:04: Compiler error: invalid parameters in Examples.material(840): setting of constant failed
10:57:04: OGRE EXCEPTION(2:InvalidParametersException): Named constants have not been initialised, perhaps a compile error. in GpuProgramParameters::_findNamedConstantDefinition at ..\..\..\..\OgreMain\src\OgreGpuProgramParams.cpp (line 1423)
10:57:04: Compiler error: invalid parameters in Examples.material(841): setting of constant failed
10:57:04: OGRE EXCEPTION(2:InvalidParametersException): Named constants have not been initialised, perhaps a compile error. in GpuProgramParameters::_findNamedConstantDefinition at ..\..\..\..\OgreMain\src\OgreGpuProgramParams.cpp (line 1423)
10:57:04: Compiler error: invalid parameters in Examples.material(843): setting of constant failed
10:57:04: OGRE EXCEPTION(6:FileNotFoundException): Cannot locate resource Grass.cg in resource group Popular or any other group. in ResourceGroupManager::openResource at ..\..\..\..\OgreMain\src\OgreResourceGroupManager.cpp (line 753)
10:57:04: High-level program Examples/GrassWaverTexVp encountered an error during loading and is thus not supported.
OGRE EXCEPTION(6:FileNotFoundException): Cannot locate resource Grass.cg in resource group Popular or any other group. in ResourceGroupManager::openResource at ..\..\..\..\OgreMain\src\OgreResourceGroupManager.cpp (line 753)
10:57:04: OGRE EXCEPTION(2:InvalidParametersException): Named constants have not been initialised, perhaps a compile error. in GpuProgramParameters::_findNamedConstantDefinition at ..\..\..\..\OgreMain\src\OgreGpuProgramParams.cpp (line 1423)
10:57:04: Compiler error: invalid parameters in Examples.material(855): setting of constant failed
10:57:04: OGRE EXCEPTION(2:InvalidParametersException): Named constants have not been initialised, perhaps a compile error. in GpuProgramParameters::_findNamedConstantDefinition at ..\..\..\..\OgreMain\src\OgreGpuProgramParams.cpp (line 1423)
10:57:04: Compiler error: invalid parameters in Examples.material(856): setting of constant failed
10:57:04: OGRE EXCEPTION(6:FileNotFoundException): Cannot locate resource Grass.cg in resource group Popular or any other group. in ResourceGroupManager::openResource at ..\..\..\..\OgreMain\src\OgreResourceGroupManager.cpp (line 753)
10:57:04: High-level program Examples/GrassWaverAmbientVp encountered an error during loading and is thus not supported.
OGRE EXCEPTION(6:FileNotFoundException): Cannot locate resource Grass.cg in resource group Popular or any other group. in ResourceGroupManager::openResource at ..\..\..\..\OgreMain\src\OgreResourceGroupManager.cpp (line 753)
10:57:04: OGRE EXCEPTION(2:InvalidParametersException): Named constants have not been initialised, perhaps a compile error. in GpuProgramParameters::_findNamedConstantDefinition at ..\..\..\..\OgreMain\src\OgreGpuProgramParams.cpp (line 1423)
10:57:04: Compiler error: invalid parameters in Examples.material(867): setting of constant failed
10:57:04: OGRE EXCEPTION(2:InvalidParametersException): Named constants have not been initialised, perhaps a compile error. in GpuProgramParameters::_findNamedConstantDefinition at ..\..\..\..\OgreMain\src\OgreGpuProgramParams.cpp (line 1423)
10:57:04: Compiler error: invalid parameters in Examples.material(868): setting of constant failed
10:57:04: OGRE EXCEPTION(2:InvalidParametersException): Named constants have not been initialised, perhaps a compile error. in GpuProgramParameters::_findNamedConstantDefinition at ..\..\..\..\OgreMain\src\OgreGpuProgramParams.cpp (line 1423)
10:57:04: Compiler error: invalid parameters in Examples.material(869): setting of constant failed
10:57:04: OGRE EXCEPTION(6:FileNotFoundException): Cannot locate resource Grass.cg in resource group Popular or any other group. in ResourceGroupManager::openResource at ..\..\..\..\OgreMain\src\OgreResourceGroupManager.cpp (line 753)
10:57:04: High-level program Examples/GrassWaverAmbientFp encountered an error during loading and is thus not supported.
OGRE EXCEPTION(6:FileNotFoundException): Cannot locate resource Grass.cg in resource group Popular or any other group. in ResourceGroupManager::openResource at ..\..\..\..\OgreMain\src\OgreResourceGroupManager.cpp (line 753)
10:57:04: OGRE EXCEPTION(6:FileNotFoundException): Cannot locate resource Grass.cg in resource group Popular or any other group. in ResourceGroupManager::openResource at ..\..\..\..\OgreMain\src\OgreResourceGroupManager.cpp (line 753)
10:57:04: High-level program Examples/GrassWaverFp encountered an error during loading and is thus not supported.
OGRE EXCEPTION(6:FileNotFoundException): Cannot locate resource Grass.cg in resource group Popular or any other group. in ResourceGroupManager::openResource at ..\..\..\..\OgreMain\src\OgreResourceGroupManager.cpp (line 753)
10:57:04: OGRE EXCEPTION(6:FileNotFoundException): Cannot locate resource Grass.cg in resource group Popular or any other group. in ResourceGroupManager::openResource at ..\..\..\..\OgreMain\src\OgreResourceGroupManager.cpp (line 753)
10:57:04: High-level program Examples/GrassWaverCasterVp encountered an error during loading and is thus not supported.
OGRE EXCEPTION(6:FileNotFoundException): Cannot locate resource Grass.cg in resource group Popular or any other group. in ResourceGroupManager::openResource at ..\..\..\..\OgreMain\src\OgreResourceGroupManager.cpp (line 753)
10:57:04: OGRE EXCEPTION(2:InvalidParametersException): Named constants have not been initialised, perhaps a compile error. in GpuProgramParameters::_findNamedConstantDefinition at ..\..\..\..\OgreMain\src\OgreGpuProgramParams.cpp (line 1423)
10:57:04: Compiler error: invalid parameters in Examples.material(899): setting of constant failed
10:57:04: OGRE EXCEPTION(2:InvalidParametersException): Named constants have not been initialised, perhaps a compile error. in GpuProgramParameters::_findNamedConstantDefinition at ..\..\..\..\OgreMain\src\OgreGpuProgramParams.cpp (line 1423)
10:57:04: Compiler error: invalid parameters in Examples.material(900): setting of constant failed
10:57:04: OGRE EXCEPTION(2:InvalidParametersException): Named constants have not been initialised, perhaps a compile error. in GpuProgramParameters::_findNamedConstantDefinition at ..\..\..\..\OgreMain\src\OgreGpuProgramParams.cpp (line 1423)
10:57:04: Compiler error: invalid parameters in Examples.material(901): setting of constant failed
10:57:04: OGRE EXCEPTION(6:FileNotFoundException): Cannot locate resource Grass.cg in resource group Popular or any other group. in ResourceGroupManager::openResource at ..\..\..\..\OgreMain\src\OgreResourceGroupManager.cpp (line 753)
10:57:04: High-level program Examples/GrassWaverCasterFp encountered an error during loading and is thus not supported.
OGRE EXCEPTION(6:FileNotFoundException): Cannot locate resource Grass.cg in resource group Popular or any other group. in ResourceGroupManager::openResource at ..\..\..\..\OgreMain\src\OgreResourceGroupManager.cpp (line 753)
10:57:04: OGRE EXCEPTION(6:FileNotFoundException): Cannot locate resource Grass.cg in resource group Popular or any other group. in ResourceGroupManager::openResource at ..\..\..\..\OgreMain\src\OgreResourceGroupManager.cpp (line 753)
10:57:04: High-level program Examples/GrassWaverReceiverVp encountered an error during loading and is thus not supported.
OGRE EXCEPTION(6:FileNotFoundException): Cannot locate resource Grass.cg in resource group Popular or any other group. in ResourceGroupManager::openResource at ..\..\..\..\OgreMain\src\OgreResourceGroupManager.cpp (line 753)
10:57:04: OGRE EXCEPTION(2:InvalidParametersException): Named constants have not been initialised, perhaps a compile error. in GpuProgramParameters::_findNamedConstantDefinition at ..\..\..\..\OgreMain\src\OgreGpuProgramParams.cpp (line 1423)
10:57:04: Compiler error: invalid parameters in Examples.material(922): setting of constant failed
10:57:04: OGRE EXCEPTION(2:InvalidParametersException): Named constants have not been initialised, perhaps a compile error. in GpuProgramParameters::_findNamedConstantDefinition at ..\..\..\..\OgreMain\src\OgreGpuProgramParams.cpp (line 1423)
10:57:04: Compiler error: invalid parameters in Examples.material(923): setting of constant failed
10:57:04: OGRE EXCEPTION(2:InvalidParametersException): Named constants have not been initialised, perhaps a compile error. in GpuProgramParameters::_findNamedConstantDefinition at ..\..\..\..\OgreMain\src\OgreGpuProgramParams.cpp (line 1423)
10:57:04: Compiler error: invalid parameters in Examples.material(924): setting of constant failed
10:57:04: OGRE EXCEPTION(2:InvalidParametersException): Named constants have not been initialised, perhaps a compile error. in GpuProgramParameters::_findNamedConstantDefinition at ..\..\..\..\OgreMain\src\OgreGpuProgramParams.cpp (line 1423)
10:57:04: Compiler error: invalid parameters in Examples.material(926): setting of constant failed
10:57:04: OGRE EXCEPTION(2:InvalidParametersException): Named constants have not been initialised, perhaps a compile error. in GpuProgramParameters::_findNamedConstantDefinition at ..\..\..\..\OgreMain\src\OgreGpuProgramParams.cpp (line 1423)
10:57:04: Compiler error: invalid parameters in Examples.material(928): setting of constant failed
10:57:04: OGRE EXCEPTION(2:InvalidParametersException): Named constants have not been initialised, perhaps a compile error. in GpuProgramParameters::_findNamedConstantDefinition at ..\..\..\..\OgreMain\src\OgreGpuProgramParams.cpp (line 1423)
10:57:04: Compiler error: invalid parameters in Examples.material(929): setting of constant failed
10:57:04: OGRE EXCEPTION(2:InvalidParametersException): Named constants have not been initialised, perhaps a compile error. in GpuProgramParameters::_findNamedConstantDefinition at ..\..\..\..\OgreMain\src\OgreGpuProgramParams.cpp (line 1423)
10:57:04: Compiler error: invalid parameters in Examples.material(931): setting of constant failed
10:57:04: OGRE EXCEPTION(6:FileNotFoundException): Cannot locate resource Grass.cg in resource group Popular or any other group. in ResourceGroupManager::openResource at ..\..\..\..\OgreMain\src\OgreResourceGroupManager.cpp (line 753)
10:57:04: High-level program Examples/GrassWaverReceiverFp encountered an error during loading and is thus not supported.
OGRE EXCEPTION(6:FileNotFoundException): Cannot locate resource Grass.cg in resource group Popular or any other group. in ResourceGroupManager::openResource at ..\..\..\..\OgreMain\src\OgreResourceGroupManager.cpp (line 753)
10:57:04: OGRE EXCEPTION(2:InvalidParametersException): Named constants have not been initialised, perhaps a compile error. in GpuProgramParameters::_findNamedConstantDefinition at ..\..\..\..\OgreMain\src\OgreGpuProgramParams.cpp (line 1423)
10:57:04: Compiler error: invalid parameters in Examples.material(945): setting of constant failed
10:57:04: OGRE EXCEPTION(2:InvalidParametersException): Named constants have not been initialised, perhaps a compile error. in GpuProgramParameters::_findNamedConstantDefinition at ..\..\..\..\OgreMain\src\OgreGpuProgramParams.cpp (line 1423)
10:57:04: Compiler error: invalid parameters in Examples.material(946): setting of constant failed
10:57:04: OGRE EXCEPTION(2:InvalidParametersException): Named constants have not been initialised, perhaps a compile error. in GpuProgramParameters::_findNamedConstantDefinition at ..\..\..\..\OgreMain\src\OgreGpuProgramParams.cpp (line 1423)
10:57:04: Compiler error: invalid parameters in Examples.material(947): setting of constant failed
10:57:04: Compiler error: reference to a non existing object in Examples.material(1281)
10:57:04: Compiler error: reference to a non existing object in Examples.material(1473)
10:57:04: Compiler error: reference to a non existing object in Examples.material(1508)
10:57:04: Compiler error: reference to a non existing object in Examples.material(1617)
10:57:04: Compiler error: reference to a non existing object in Examples.material(1622)
10:57:04: OGRE EXCEPTION(6:FileNotFoundException): Cannot locate resource Example_Basic.cg in resource group Popular or any other group. in ResourceGroupManager::openResource at ..\..\..\..\OgreMain\src\OgreResourceGroupManager.cpp (line 753)
10:57:04: High-level program Examples/ShowTangents_v encountered an error during loading and is thus not supported.
OGRE EXCEPTION(6:FileNotFoundException): Cannot locate resource Example_Basic.cg in resource group Popular or any other group. in ResourceGroupManager::openResource at ..\..\..\..\OgreMain\src\OgreResourceGroupManager.cpp (line 753)
10:57:04: OGRE EXCEPTION(2:InvalidParametersException): Named constants have not been initialised, perhaps a compile error. in GpuProgramParameters::_findNamedConstantDefinition at ..\..\..\..\OgreMain\src\OgreGpuProgramParams.cpp (line 1423)
10:57:04: Compiler error: invalid parameters in Examples.material(1696): setting of constant failed
10:57:04: OGRE EXCEPTION(6:FileNotFoundException): Cannot locate resource Example_Basic.cg in resource group Popular or any other group. in ResourceGroupManager::openResource at ..\..\..\..\OgreMain\src\OgreResourceGroupManager.cpp (line 753)
10:57:04: High-level program Examples/ShowNormals_v encountered an error during loading and is thus not supported.
OGRE EXCEPTION(6:FileNotFoundException): Cannot locate resource Example_Basic.cg in resource group Popular or any other group. in ResourceGroupManager::openResource at ..\..\..\..\OgreMain\src\OgreResourceGroupManager.cpp (line 753)
10:57:04: OGRE EXCEPTION(2:InvalidParametersException): Named constants have not been initialised, perhaps a compile error. in GpuProgramParameters::_findNamedConstantDefinition at ..\..\..\..\OgreMain\src\OgreGpuProgramParams.cpp (line 1423)
10:57:04: Compiler error: invalid parameters in Examples.material(1706): setting of constant failed
10:57:04: Compiler error: reference to a non existing object in Examples.material(1716)
10:57:04: OGRE EXCEPTION(6:FileNotFoundException): Cannot locate resource Example_Basic.cg in resource group Popular or any other group. in ResourceGroupManager::openResource at ..\..\..\..\OgreMain\src\OgreResourceGroupManager.cpp (line 753)
10:57:04: High-level program Examples/ShowUV_p encountered an error during loading and is thus not supported.
OGRE EXCEPTION(6:FileNotFoundException): Cannot locate resource Example_Basic.cg in resource group Popular or any other group. in ResourceGroupManager::openResource at ..\..\..\..\OgreMain\src\OgreResourceGroupManager.cpp (line 753)
10:57:04: OGRE EXCEPTION(6:FileNotFoundException): Cannot locate resource Example_Basic.cg in resource group Popular or any other group. in ResourceGroupManager::openResource at ..\..\..\..\OgreMain\src\OgreResourceGroupManager.cpp (line 753)
10:57:04: High-level program Examples/ShowUVdir3D encountered an error during loading and is thus not supported.
OGRE EXCEPTION(6:FileNotFoundException): Cannot locate resource Example_Basic.cg in resource group Popular or any other group. in ResourceGroupManager::openResource at ..\..\..\..\OgreMain\src\OgreResourceGroupManager.cpp (line 753)
10:57:04: Parsing script Ogre.material
10:57:04: Parsing script OgreCore.material
10:57:04: Parsing script OgreProfiler.material
10:57:04: Parsing script Ogre.fontdef
10:57:04: Parsing script OgreDebugPanel.overlay
10:57:04: Texture: New_Ogre_Border_Center.png: Loading 1 faces(PF_A8R8G8B8,256x128x1) with  hardware generated mipmaps from Image. Internal format is PF_A8R8G8B8,256x128x1.
10:57:04: Texture: New_Ogre_Border.png: Loading 1 faces(PF_A8R8G8B8,256x256x1) with  hardware generated mipmaps from Image. Internal format is PF_A8R8G8B8,256x256x1.
10:57:04: Texture: New_Ogre_Border_Break.png: Loading 1 faces(PF_A8R8G8B8,32x32x1) with  hardware generated mipmaps from Image. Internal format is PF_A8R8G8B8,32x32x1.
10:57:04: Texture: ogretext.png: Loading 1 faces(PF_A8R8G8B8,256x128x1) with  hardware generated mipmaps from Image. Internal format is PF_A8R8G8B8,256x128x1.
10:57:04: Parsing script OgreLoadingPanel.overlay
10:57:04: Finished parsing scripts for resource group Popular
10:57:04: Demo initialized!
10:57:04: Entering MenuState...
10:57:04: Font SdkTrays/Captionusing texture size 512x256
10:57:04: Info: Freetype returned null for character 160 in font SdkTrays/Caption
10:57:04: Texture: SdkTrays/CaptionTexture: Loading 1 faces(PF_BYTE_LA,512x256x1) with 0 generated mipmaps from Image. Internal format is PF_BYTE_LA,512x256x1.
10:57:04: Font SdkTrays/Valueusing texture size 512x512
10:57:04: Info: Freetype returned null for character 127 in font SdkTrays/Value
10:57:04: Info: Freetype returned null for character 128 in font SdkTrays/Value
10:57:04: Info: Freetype returned null for character 129 in font SdkTrays/Value
10:57:04: Info: Freetype returned null for character 130 in font SdkTrays/Value
10:57:04: Info: Freetype returned null for character 131 in font SdkTrays/Value
10:57:04: Info: Freetype returned null for character 132 in font SdkTrays/Value
10:57:04: Info: Freetype returned null for character 133 in font SdkTrays/Value
10:57:04: Info: Freetype returned null for character 134 in font SdkTrays/Value
10:57:04: Info: Freetype returned null for character 135 in font SdkTrays/Value
10:57:04: Info: Freetype returned null for character 136 in font SdkTrays/Value
10:57:04: Info: Freetype returned null for character 137 in font SdkTrays/Value
10:57:04: Info: Freetype returned null for character 138 in font SdkTrays/Value
10:57:04: Info: Freetype returned null for character 139 in font SdkTrays/Value
10:57:04: Info: Freetype returned null for character 140 in font SdkTrays/Value
10:57:04: Info: Freetype returned null for character 141 in font SdkTrays/Value
10:57:04: Info: Freetype returned null for character 142 in font SdkTrays/Value
10:57:04: Info: Freetype returned null for character 143 in font SdkTrays/Value
10:57:04: Info: Freetype returned null for character 144 in font SdkTrays/Value
10:57:04: Info: Freetype returned null for character 145 in font SdkTrays/Value
10:57:04: Info: Freetype returned null for character 146 in font SdkTrays/Value
10:57:04: Info: Freetype returned null for character 147 in font SdkTrays/Value
10:57:04: Info: Freetype returned null for character 148 in font SdkTrays/Value
10:57:04: Info: Freetype returned null for character 149 in font SdkTrays/Value
10:57:04: Info: Freetype returned null for character 150 in font SdkTrays/Value
10:57:04: Info: Freetype returned null for character 151 in font SdkTrays/Value
10:57:04: Info: Freetype returned null for character 152 in font SdkTrays/Value
10:57:04: Info: Freetype returned null for character 153 in font SdkTrays/Value
10:57:04: Info: Freetype returned null for character 154 in font SdkTrays/Value
10:57:04: Info: Freetype returned null for character 155 in font SdkTrays/Value
10:57:04: Info: Freetype returned null for character 156 in font SdkTrays/Value
10:57:04: Info: Freetype returned null for character 157 in font SdkTrays/Value
10:57:04: Info: Freetype returned null for character 158 in font SdkTrays/Value
10:57:04: Info: Freetype returned null for character 159 in font SdkTrays/Value
10:57:04: Info: Freetype returned null for character 160 in font SdkTrays/Value
10:57:04: Texture: SdkTrays/ValueTexture: Loading 1 faces(PF_BYTE_LA,512x512x1) with 0 generated mipmaps from Image. Internal format is PF_BYTE_LA,512x512x1.
10:57:10: Texture: sdk_button_over.png: Loading 1 faces(PF_A8R8G8B8,128x32x1) with  hardware generated mipmaps from Image. Internal format is PF_A8R8G8B8,128x32x1.
10:57:11: Texture: sdk_button_down.png: Loading 1 faces(PF_A8R8G8B8,128x32x1) with  hardware generated mipmaps from Image. Internal format is PF_A8R8G8B8,128x32x1.
10:57:11: Leaving MenuState...
10:57:11: Entering GameState...
10:57:11: [DotSceneLoader] Parsing dotScene file with version 1.0.0
10:57:11: Mesh: Loading Cube01.mesh.
10:57:11: Texture: dirt.jpg: Loading 1 faces(PF_R8G8B8,96x96x1) with 5 generated mipmaps from Image. Internal format is PF_X8R8G8B8,96x96x1.
10:57:11: Mesh: Loading Cube03.mesh.
10:57:11: Texture: steel.jpg: Loading 1 faces(PF_R8G8B8,256x256x1) with  hardware generated mipmaps from Image. Internal format is PF_X8R8G8B8,256x256x1.
10:57:12: Mesh: Loading Cube02.mesh.
10:57:12: Texture: chrome.jpg: Loading 1 faces(PF_L8,256x256x1) with 5 generated mipmaps from Image. Internal format is PF_L8,256x256x1.
10:57:12: Mesh: Loading ogrehead.mesh.
10:57:12: Texture: GreenSkin.jpg: Loading 1 faces(PF_R8G8B8,256x256x1) with  hardware generated mipmaps from Image. Internal format is PF_X8R8G8B8,256x256x1.
10:57:12: Texture: spheremap.png: Loading 1 faces(PF_R8G8B8,256x256x1) with  hardware generated mipmaps from Image. Internal format is PF_X8R8G8B8,256x256x1.
10:57:12: Texture: tusk.jpg: Loading 1 faces(PF_R8G8B8,96x96x1) with 5 generated mipmaps from Image. Internal format is PF_X8R8G8B8,96x96x1.
10:57:15: Pausing GameState...
10:57:15: Entering PauseState...
10:57:18: Main loop quit
10:57:18: Leaving PauseState...
10:57:18: Leaving GameState...
10:57:18: Shutdown OGRE...
10:57:18: DefaultWorkQueue('Root') shutting down on thread 0028B9A8.
10:57:18: DefaultWorkQueue('Root')::WorkerFunc - thread 002CCB30 stopped.
10:57:18: DefaultWorkQueue('Root')::WorkerFunc - thread 002CBBE0 stopped.
10:57:18: DefaultWorkQueue('Root')::WorkerFunc - thread 002D2560 stopped.
10:57:18: DefaultWorkQueue('Root')::WorkerFunc - thread 002CBB70 stopped.
10:57:18: PCZone Factory Type 'ZoneType_Octree' unregistered
10:57:18: PCZone Factory Type 'ZoneType_Terrain' unregistered
10:57:18: Unregistering ResourceManager for type BspLevel
10:57:18: *-*-* OGRE Shutdown
10:57:18: Unregistering ResourceManager for type Compositor
10:57:18: Unregistering ResourceManager for type Font
10:57:18: Unregistering ResourceManager for type Skeleton
10:57:18: Unregistering ResourceManager for type Mesh
10:57:18: Unregistering ResourceManager for type HighLevelGpuProgram
10:57:18: Uninstalling plugin: Octree & Terrain Scene Manager
10:57:18: Plugin successfully uninstalled
10:57:18: Unloading library .\Plugin_OctreeSceneManager_d
10:57:18: Uninstalling plugin: Octree Zone Factory
10:57:18: Plugin successfully uninstalled
10:57:18: Unloading library .\Plugin_OctreeZone_d
10:57:18: Uninstalling plugin: Portal Connected Zone Scene Manager
10:57:18: Plugin successfully uninstalled
10:57:18: Unloading library .\Plugin_PCZSceneManager_d
10:57:18: Uninstalling plugin: Cg Program Manager
10:57:18: Plugin successfully uninstalled
10:57:18: Unloading library .\Plugin_CgProgramManager_d
10:57:18: Uninstalling plugin: BSP Scene Manager
10:57:18: Plugin successfully uninstalled
10:57:18: Unloading library .\Plugin_BSPSceneManager_d
10:57:18: Uninstalling plugin: ParticleFX
10:57:18: Plugin successfully uninstalled
10:57:18: Unloading library .\Plugin_ParticleFX_d
10:57:18: Uninstalling plugin: GL RenderSystem
10:57:18: *** Stopping Win32GL Subsystem ***
10:57:18: Plugin successfully uninstalled
10:57:18: Unloading library .\RenderSystem_GL_d
10:57:18: Uninstalling plugin: D3D9 RenderSystem
10:57:18: D3D9 : Shutting down cleanly.
10:57:18: Unregistering ResourceManager for type Texture
10:57:18: Unregistering ResourceManager for type GpuProgram
10:57:18: D3D9 : Direct3D9 Rendering Subsystem destroyed.
10:57:18: Plugin successfully uninstalled
10:57:18: Unloading library .\RenderSystem_Direct3D9_d
10:57:18: Unregistering ResourceManager for type Material
