16:51:38: Creating resource group General
16:51:38: Creating resource group Internal
16:51:38: Creating resource group Autodetect
16:51:38: SceneManagerFactory for type 'DefaultSceneManager' registered.
16:51:38: Registering ResourceManager for type Material
16:51:38: Registering ResourceManager for type Mesh
16:51:38: Registering ResourceManager for type Skeleton
16:51:38: MovableObjectFactory for type 'ParticleSystem' registered.
16:51:38: OverlayElementFactory for type Panel registered.
16:51:38: OverlayElementFactory for type BorderPanel registered.
16:51:38: OverlayElementFactory for type TextArea registered.
16:51:38: Registering ResourceManager for type Font
16:51:38: ArchiveFactory for archive type FileSystem registered.
16:51:38: ArchiveFactory for archive type Zip registered.
16:51:38: DDS codec registering
16:51:38: FreeImage version: 3.13.1
16:51:38: This program uses FreeImage, a free, open source image library supporting all common bitmap formats. See http://freeimage.sourceforge.net for details
16:51:38: Supported formats: bmp,ico,jpg,jif,jpeg,jpe,jng,koa,iff,lbm,mng,pbm,pbm,pcd,pcx,pgm,pgm,png,ppm,ppm,ras,tga,targa,tif,tiff,wap,wbmp,wbm,psd,cut,xbm,xpm,gif,hdr,g3,sgi,exr,j2k,j2c,jp2,pfm,pct,pict,pic,bay,bmq,cr2,crw,cs1,dc2,dcr,dng,erf,fff,hdr,k25,kdc,mdc,mos,mrw,nef,orf,pef,pxn,raf,raw,rdc,sr2,srf,arw,3fr,cine,ia,kc2,mef,nrw,qtk,rw2,sti,drf,dsc,ptx,cap,iiq,rwz
16:51:38: Registering ResourceManager for type HighLevelGpuProgram
16:51:38: Registering ResourceManager for type Compositor
16:51:38: MovableObjectFactory for type 'Entity' registered.
16:51:38: MovableObjectFactory for type 'Light' registered.
16:51:38: MovableObjectFactory for type 'BillboardSet' registered.
16:51:38: MovableObjectFactory for type 'ManualObject' registered.
16:51:38: MovableObjectFactory for type 'BillboardChain' registered.
16:51:38: MovableObjectFactory for type 'RibbonTrail' registered.
16:51:38: Loading library .\RenderSystem_Direct3D9_d
16:51:38: Installing plugin: D3D9 RenderSystem
16:51:38: D3D9 : Direct3D9 Rendering Subsystem created.
16:51:38: D3D9: Driver Detection Starts
16:51:38: D3D9: Driver Detection Ends
16:51:38: Plugin successfully installed
16:51:38: Loading library .\RenderSystem_GL_d
16:51:38: Installing plugin: GL RenderSystem
16:51:38: OpenGL Rendering Subsystem created.
16:51:38: Plugin successfully installed
16:51:38: Loading library .\Plugin_ParticleFX_d
16:51:38: Installing plugin: ParticleFX
16:51:38: Particle Emitter Type 'Point' registered
16:51:38: Particle Emitter Type 'Box' registered
16:51:38: Particle Emitter Type 'Ellipsoid' registered
16:51:38: Particle Emitter Type 'Cylinder' registered
16:51:38: Particle Emitter Type 'Ring' registered
16:51:38: Particle Emitter Type 'HollowEllipsoid' registered
16:51:38: Particle Affector Type 'LinearForce' registered
16:51:38: Particle Affector Type 'ColourFader' registered
16:51:38: Particle Affector Type 'ColourFader2' registered
16:51:38: Particle Affector Type 'ColourImage' registered
16:51:38: Particle Affector Type 'ColourInterpolator' registered
16:51:38: Particle Affector Type 'Scaler' registered
16:51:38: Particle Affector Type 'Rotator' registered
16:51:38: Particle Affector Type 'DirectionRandomiser' registered
16:51:38: Particle Affector Type 'DeflectorPlane' registered
16:51:38: Plugin successfully installed
16:51:38: Loading library .\Plugin_BSPSceneManager_d
16:51:38: Installing plugin: BSP Scene Manager
16:51:38: Plugin successfully installed
16:51:38: Loading library .\Plugin_CgProgramManager_d
16:51:38: Installing plugin: Cg Program Manager
16:51:38: Plugin successfully installed
16:51:38: Loading library .\Plugin_PCZSceneManager_d
16:51:38: Installing plugin: Portal Connected Zone Scene Manager
16:51:38: PCZone Factory Type 'ZoneType_Default' registered
16:51:38: Plugin successfully installed
16:51:38: Loading library .\Plugin_OctreeZone_d
16:51:38: Installing plugin: Octree Zone Factory
16:51:38: Plugin successfully installed
16:51:38: Loading library .\Plugin_OctreeSceneManager_d
16:51:38: Installing plugin: Octree & Terrain Scene Manager
16:51:38: Plugin successfully installed
16:51:38: *-*-* OGRE Initialising
16:51:38: *-*-* Version 1.7.2 (Cthugha)
16:51:38: Creating resource group Essential
16:51:38: Added resource location '../../media/thumbnails' of type 'FileSystem' to resource group 'Essential'
16:51:38: Added resource location '../../media/packs/SdkTrays.zip' of type 'Zip' to resource group 'Essential'
16:51:38: Added resource location '../../media' of type 'FileSystem' to resource group 'General'
16:51:38: Creating resource group Popular
16:51:38: Added resource location '../../media/fonts' of type 'FileSystem' to resource group 'Popular'
16:51:38: Added resource location '../../media/materials/programs' of type 'FileSystem' to resource group 'Popular'
16:51:38: Added resource location '../../media/materials/scripts' of type 'FileSystem' to resource group 'Popular'
16:51:38: Added resource location '../../media/materials/textures' of type 'FileSystem' to resource group 'Popular'
16:51:38: Added resource location '../../media/materials/textures/nvidia' of type 'FileSystem' to resource group 'Popular'
16:51:38: Added resource location '../../media/models' of type 'FileSystem' to resource group 'Popular'
16:51:38: Added resource location '../../media/particle' of type 'FileSystem' to resource group 'Popular'
16:51:38: Added resource location '../../media/DeferredShadingMedia' of type 'FileSystem' to resource group 'Popular'
16:51:38: Added resource location '../../media/PCZAppMedia' of type 'FileSystem' to resource group 'Popular'
16:51:38: Added resource location '../../media/RTShaderLib' of type 'FileSystem' to resource group 'Popular'
16:51:38: Added resource location '../../media/RTShaderLib/materials' of type 'FileSystem' to resource group 'Popular'
16:51:38: Added resource location '../../media/packs/cubemap.zip' of type 'Zip' to resource group 'Popular'
16:51:38: Added resource location '../../media/packs/cubemapsJS.zip' of type 'Zip' to resource group 'Popular'
16:51:38: Added resource location '../../media/packs/dragon.zip' of type 'Zip' to resource group 'Popular'
16:51:38: Added resource location '../../media/packs/fresneldemo.zip' of type 'Zip' to resource group 'Popular'
16:51:38: Added resource location '../../media/packs/ogretestmap.zip' of type 'Zip' to resource group 'Popular'
16:51:38: Added resource location '../../media/packs/ogredance.zip' of type 'Zip' to resource group 'Popular'
16:51:38: Added resource location '../../media/packs/Sinbad.zip' of type 'Zip' to resource group 'Popular'
16:51:38: Added resource location '../../media/packs/skybox.zip' of type 'Zip' to resource group 'Popular'
16:51:38: D3D9 : RenderSystem Option: Allow NVPerfHUD = No
16:51:38: D3D9 : RenderSystem Option: FSAA = 0
16:51:38: D3D9 : RenderSystem Option: Floating-point mode = Fastest
16:51:38: D3D9 : RenderSystem Option: Full Screen = Yes
16:51:38: D3D9 : RenderSystem Option: Rendering Device = Monitor-1-NVIDIA Quadro FX 580
16:51:38: D3D9 : RenderSystem Option: Resource Creation Policy = Create on all devices
16:51:38: D3D9 : RenderSystem Option: VSync = No
16:51:38: D3D9 : RenderSystem Option: VSync Interval = 1
16:51:38: D3D9 : RenderSystem Option: Video Mode = 1680 x 1050 @ 32-bit colour
16:51:38: D3D9 : RenderSystem Option: sRGB Gamma Conversion = No
16:51:50: D3D9 : RenderSystem Option: Video Mode = 1024 x 768 @ 32-bit colour
16:51:51: CPU Identifier & Features
16:51:51: -------------------------
16:51:51:  *   CPU ID: GenuineIntel: Intel(R) Core(TM) i5 CPU         750  @ 2.67GHz
16:51:51:  *      SSE: yes
16:51:51:  *     SSE2: yes
16:51:51:  *     SSE3: yes
16:51:51:  *      MMX: yes
16:51:51:  *   MMXEXT: yes
16:51:51:  *    3DNOW: no
16:51:51:  * 3DNOWEXT: no
16:51:51:  *     CMOV: yes
16:51:51:  *      TSC: yes
16:51:51:  *      FPU: yes
16:51:51:  *      PRO: yes
16:51:51:  *       HT: no
16:51:51: -------------------------
16:51:51: D3D9 : Subsystem Initialising
16:51:51: Registering ResourceManager for type Texture
16:51:51: Registering ResourceManager for type GpuProgram
16:51:51: D3D9RenderSystem::_createRenderWindow "TutorialApplication Render Window", 1024x768 fullscreen  miscParams: FSAA=0 FSAAHint= colourDepth=32 gamma=false monitorIndex=0 useNVPerfHUD=false vsync=false vsyncInterval=1 
16:51:51: D3D9 : Created D3D9 Rendering Window 'TutorialApplication Render Window' : 1024x768, 32bpp
16:51:51: D3D9 : Multi head disabled. It causes application run time crashes when used in Vista + SP 1 or 2 combination
16:51:51: D3D9: Vertex texture format supported - PF_FLOAT16_RGB
16:51:51: D3D9: Vertex texture format supported - PF_FLOAT16_RGBA
16:51:51: D3D9: Vertex texture format supported - PF_FLOAT32_RGB
16:51:51: D3D9: Vertex texture format supported - PF_FLOAT32_RGBA
16:51:51: D3D9: Vertex texture format supported - PF_FLOAT16_R
16:51:51: D3D9: Vertex texture format supported - PF_FLOAT32_R
16:51:51: D3D9: Vertex texture format supported - PF_FLOAT16_GR
16:51:51: D3D9: Vertex texture format supported - PF_FLOAT32_GR
16:51:51: RenderSystem capabilities
16:51:51: -------------------------
16:51:51: RenderSystem Name: Direct3D9 Rendering Subsystem
16:51:51: GPU Vendor: nvidia
16:51:51: Device Name: Monitor-1-NVIDIA Quadro FX 580
16:51:51: Driver Version: 8.15.11.9038
16:51:51:  * Fixed function pipeline: yes
16:51:51:  * Hardware generation of mipmaps: yes
16:51:51:  * Texture blending: yes
16:51:51:  * Anisotropic texture filtering: yes
16:51:51:  * Dot product texture operation: yes
16:51:51:  * Cube mapping: yes
16:51:51:  * Hardware stencil buffer: yes
16:51:51:    - Stencil depth: 8
16:51:51:    - Two sided stencil support: yes
16:51:51:    - Wrap stencil values: yes
16:51:51:  * Hardware vertex / index buffers: yes
16:51:51:  * Vertex programs: yes
16:51:51:  * Number of floating-point constants for vertex programs: 256
16:51:51:  * Number of integer constants for vertex programs: 16
16:51:51:  * Number of boolean constants for vertex programs: 16
16:51:51:  * Fragment programs: yes
16:51:51:  * Number of floating-point constants for fragment programs: 224
16:51:51:  * Number of integer constants for fragment programs: 16
16:51:51:  * Number of boolean constants for fragment programs: 16
16:51:51:  * Geometry programs: no
16:51:51:  * Number of floating-point constants for geometry programs: 0
16:51:51:  * Number of integer constants for geometry programs: 2
16:51:51:  * Number of boolean constants for geometry programs: 0
16:51:51:  * Supported Shader Profiles: hlsl ps_1_1 ps_1_2 ps_1_3 ps_1_4 ps_2_0 ps_2_a ps_2_b ps_2_x ps_3_0 vs_1_1 vs_2_0 vs_2_a vs_2_x vs_3_0
16:51:51:  * Texture Compression: yes
16:51:51:    - DXT: yes
16:51:51:    - VTC: no
16:51:51:    - PVRTC: no
16:51:51:  * Scissor Rectangle: yes
16:51:51:  * Hardware Occlusion Query: yes
16:51:51:  * User clip planes: yes
16:51:51:  * VET_UBYTE4 vertex element type: yes
16:51:51:  * Infinite far plane projection: yes
16:51:51:  * Hardware render-to-texture: yes
16:51:51:  * Floating point textures: yes
16:51:51:  * Non-power-of-two textures: yes
16:51:51:  * Volume textures: yes
16:51:51:  * Multiple Render Targets: 4
16:51:51:    - With different bit depths: yes
16:51:51:  * Point Sprites: yes
16:51:51:  * Extended point parameters: yes
16:51:51:  * Max Point Size: 10
16:51:51:  * Vertex texture fetch: yes
16:51:51:  * Number of world matrices: 0
16:51:51:  * Number of texture units: 8
16:51:51:  * Stencil buffer depth: 8
16:51:51:  * Number of vertex blend matrices: 0
16:51:51:    - Max vertex textures: 4
16:51:51:    - Vertex textures shared: no
16:51:51:  * Render to Vertex Buffer : no
16:51:51:  * DirectX per stage constants: yes
16:51:51: ***************************************
16:51:51: *** D3D9 : Subsystem Initialised OK ***
16:51:51: ***************************************
16:51:51: DefaultWorkQueue('Root') initialising on thread 00459900.
16:51:51: DefaultWorkQueue('Root')::WorkerFunc - thread 0051FD88 starting.
16:51:51: DefaultWorkQueue('Root')::WorkerFunc - thread 00529930 starting.
16:51:51: DefaultWorkQueue('Root')::WorkerFunc - thread 0051FDF8 starting.
16:51:51: Particle Renderer Type 'billboard' registered
16:51:51: DefaultWorkQueue('Root')::WorkerFunc - thread 00526438 starting.
16:51:51: SceneManagerFactory for type 'BspSceneManager' registered.
16:51:51: Registering ResourceManager for type BspLevel
16:51:51: SceneManagerFactory for type 'PCZSceneManager' registered.
16:51:51: MovableObjectFactory for type 'PCZLight' registered.
16:51:51: MovableObjectFactory for type 'Portal' registered.
16:51:51: MovableObjectFactory for type 'AntiPortal' registered.
16:51:51: PCZone Factory Type 'ZoneType_Octree' registered
16:51:51: PCZone Factory Type 'ZoneType_Terrain' registered
16:51:51: SceneManagerFactory for type 'OctreeSceneManager' registered.
16:51:51: SceneManagerFactory for type 'TerrainSceneManager' registered.
16:51:51: Parsing scripts for resource group Autodetect
16:51:51: Finished parsing scripts for resource group Autodetect
16:51:51: Parsing scripts for resource group Essential
16:51:51: Parsing script SdkTrays.material
16:51:51: Parsing script SdkTrays.fontdef
16:51:51: Parsing script SdkTrays.overlay
16:51:51: Bad element attribute line: '# you can offset the image to change the cursor "hotspot"' for element SdkTrays/Cursor in overlay 
16:51:51: Texture: sdk_cursor.png: Loading 1 faces(PF_A8R8G8B8,32x32x1) with  hardware generated mipmaps from Image. Internal format is PF_A8R8G8B8,32x32x1.
16:51:51: Texture: sdk_tray.png: Loading 1 faces(PF_A8R8G8B8,64x64x1) with  hardware generated mipmaps from Image. Internal format is PF_A8R8G8B8,64x64x1.
16:51:51: Texture: sdk_button_up.png: Loading 1 faces(PF_A8R8G8B8,128x32x1) with  hardware generated mipmaps from Image. Internal format is PF_A8R8G8B8,128x32x1.
16:51:51: Texture: sdk_text_box.png: Loading 1 faces(PF_A8R8G8B8,32x32x1) with  hardware generated mipmaps from Image. Internal format is PF_A8R8G8B8,32x32x1.
16:51:51: Texture: sdk_mini_tray.png: Loading 1 faces(PF_A8R8G8B8,32x32x1) with  hardware generated mipmaps from Image. Internal format is PF_A8R8G8B8,32x32x1.
16:51:51: Texture: sdk_track.png: Loading 1 faces(PF_A8R8G8B8,16x32x1) with  hardware generated mipmaps from Image. Internal format is PF_A8R8G8B8,16x32x1.
16:51:51: Texture: sdk_handle.png: Loading 1 faces(PF_A8R8G8B8,16x16x1) with  hardware generated mipmaps from Image. Internal format is PF_A8R8G8B8,16x16x1.
16:51:52: Texture: sdk_mini_text_box.png: Loading 1 faces(PF_A8R8G8B8,32x32x1) with  hardware generated mipmaps from Image. Internal format is PF_A8R8G8B8,32x32x1.
16:51:52: Texture: sdk_label.png: Loading 1 faces(PF_A8R8G8B8,32x32x1) with  hardware generated mipmaps from Image. Internal format is PF_A8R8G8B8,32x32x1.
16:51:52: Texture: sdk_separator.png: Loading 1 faces(PF_A8R8G8B8,64x16x1) with  hardware generated mipmaps from Image. Internal format is PF_A8R8G8B8,64x16x1.
16:51:52: Texture: sdk_logo.png: Loading 1 faces(PF_A8R8G8B8,128x64x1) with  hardware generated mipmaps from Image. Internal format is PF_A8R8G8B8,128x64x1.
16:51:52: Texture: sdk_shade.png: Loading 1 faces(PF_A8R8G8B8,64x48x1) with 5 generated mipmaps from Image. Internal format is PF_A8R8G8B8,64x48x1.
16:51:52: Texture: sdk_frame.png: Loading 1 faces(PF_A8R8G8B8,32x32x1) with  hardware generated mipmaps from Image. Internal format is PF_A8R8G8B8,32x32x1.
16:51:52: Texture: sdk_mini_text_box_over.png: Loading 1 faces(PF_A8R8G8B8,32x32x1) with  hardware generated mipmaps from Image. Internal format is PF_A8R8G8B8,32x32x1.
16:51:52: Texture: sdk_pulse.png: Loading 1 faces(PF_R8G8B8,8x1x1) with  hardware generated mipmaps from Image. Internal format is PF_X8R8G8B8,8x1x1.
16:51:52: Finished parsing scripts for resource group Essential
16:51:52: Parsing scripts for resource group General
16:51:52: Finished parsing scripts for resource group General
16:51:52: Parsing scripts for resource group Internal
16:51:52: Finished parsing scripts for resource group Internal
16:51:52: Parsing scripts for resource group Popular
16:51:52: Parsing script Examples.program
16:51:52: Parsing script StdQuad_vp.program
16:51:52: Parsing script deferred_post.program
16:51:52: Parsing script ShadowCaster.program
16:51:52: Parsing script ASCII.material
16:51:52: Parsing script ASMSwizzle.material
16:51:52: Compiler error: object unsupported by render system in ASMSwizzle.material(1)
16:51:52: Parsing script BlackAndWhite.material
16:51:52: Parsing script Bloom.material
16:51:52: Parsing script Bloom2.material
16:51:52: Parsing script CGSwizzle.material
16:51:52: Parsing script CompositorDemo.material
16:51:52: Parsing script DepthShadowmap.material
16:51:53: Parsing script Dither.material
16:51:53: Parsing script DOF.material
16:51:53: Parsing script Embossed.material
16:51:53: Parsing script Example-Water.material
16:51:53: Parsing script Examples-Advanced.material
16:51:53: Parsing script Examples-DynTex.material
16:51:53: Parsing script Examples-Water.material
16:51:53: Parsing script Examples.material
16:51:54: OGRE EXCEPTION(2:InvalidParametersException): Parameter called camObjPos does not exist.  in GpuProgramParameters::_findNamedConstantDefinition at ..\..\..\..\OgreMain\src\OgreGpuProgramParams.cpp (line 1433)
16:51:54: Compiler error: invalid parameters in Examples.material(837): setting of constant failed
16:51:55: Parsing script facial.material
16:51:55: Parsing script Glass.material
16:51:55: Parsing script GLSLSwizzle.material
16:51:55: Parsing script Halftone.material
16:51:55: Parsing script hdr.material
16:51:55: Parsing script HeatVision.material
16:51:55: Parsing script Hurt.material
16:51:55: Parsing script instancing.material
16:51:56: Parsing script Invert.material
16:51:56: Parsing script IsoSurf.material
16:51:56: Parsing script Laplace.material
16:51:56: Parsing script MotionBlur.material
16:51:56: Parsing script MRTtest.material
16:51:56: Parsing script NightVision.material
16:51:56: Parsing script Ocean.material
16:51:56: Parsing script OffsetMapping.material
16:51:56: Parsing script Ogre.material
16:51:56: Parsing script OldMovie.material
16:51:56: Parsing script OldTV.material
16:51:56: Parsing script ParticleGS.material
16:51:56: OGRE EXCEPTION(7:InternalErrorException): Unable to compile Cg program Ogre/ParticleGS/GenerateVS: CG ERROR : "The compile returned an error."
(0) : error C6015: Output 'POSITION' not completely written
 in CgProgram::loadFromSource at ..\..\..\..\..\PlugIns\CgProgramManager\src\OgreCgProgramManagerDll.cpp (line 67)
16:51:56: High-level program Ogre/ParticleGS/GenerateVS encountered an error during loading and is thus not supported.
OGRE EXCEPTION(7:InternalErrorException): Unable to compile Cg program Ogre/ParticleGS/GenerateVS: CG ERROR : "The compile returned an error."
(0) : error C6015: Output 'POSITION' not completely written
 in CgProgram::loadFromSource at ..\..\..\..\..\PlugIns\CgProgramManager\src\OgreCgProgramManagerDll.cpp (line 67)
16:51:56: OGRE EXCEPTION(7:InternalErrorException): Unable to compile Cg program Ogre/ParticleGS/DisplayVS: CG ERROR : "The compile returned an error."
(249) : warning C7050: "output.color" might be used before being initialized
(0) : error C6015: Output 'POSITION' not completely written
 in CgProgram::loadFromSource at ..\..\..\..\..\PlugIns\CgProgramManager\src\OgreCgProgramManagerDll.cpp (line 67)
16:51:56: High-level program Ogre/ParticleGS/DisplayVS encountered an error during loading and is thus not supported.
OGRE EXCEPTION(7:InternalErrorException): Unable to compile Cg program Ogre/ParticleGS/DisplayVS: CG ERROR : "The compile returned an error."
(249) : warning C7050: "output.color" might be used before being initialized
(0) : error C6015: Output 'POSITION' not completely written
 in CgProgram::loadFromSource at ..\..\..\..\..\PlugIns\CgProgramManager\src\OgreCgProgramManagerDll.cpp (line 67)
16:51:56: OGRE EXCEPTION(7:InternalErrorException): Unable to compile Cg program Ogre/ParticleGS/DisplayPS: CG ERROR : "The compile returned an error."
(323) : fatal error C9999: unexpected cast operation
 in CgProgram::loadFromSource at ..\..\..\..\..\PlugIns\CgProgramManager\src\OgreCgProgramManagerDll.cpp (line 67)
16:51:56: High-level program Ogre/ParticleGS/DisplayPS encountered an error during loading and is thus not supported.
OGRE EXCEPTION(7:InternalErrorException): Unable to compile Cg program Ogre/ParticleGS/DisplayPS: CG ERROR : "The compile returned an error."
(323) : fatal error C9999: unexpected cast operation
 in CgProgram::loadFromSource at ..\..\..\..\..\PlugIns\CgProgramManager\src\OgreCgProgramManagerDll.cpp (line 67)
16:51:56: Parsing script Penguin.material
16:51:56: Parsing script Posterize.material
16:51:56: Parsing script pssm.material
16:51:57: Parsing script RadialBlur.material
16:51:57: Parsing script RZR-002.material
16:51:57: Parsing script ShaderSystem.material
16:51:57: Parsing script shadows.material
16:51:57: Parsing script SharpenEdges.material
16:51:57: Parsing script sibenik.material
16:51:57: Parsing script smoke.material
16:51:57: Parsing script Tiling.material
16:51:57: Parsing script VarianceShadowmap.material
16:51:57: Parsing script deferreddemo.material
16:51:57: Parsing script deferred_post.material
16:51:57: Parsing script deferred_post_minilight.material
16:51:57: Parsing script ShadowCaster.material
16:51:57: Parsing script ssao.material
16:51:58: Parsing script ROOM.material
16:51:58: Parsing script RTShaderSystem.material
16:51:58: Compiler error: unknown error in RTShaderSystem.material(23): token "rtshader_system" is not recognized
16:51:58: Compiler error: unknown error in RTShaderSystem.material(52): token "rtshader_system" is not recognized
16:51:58: Compiler error: unknown error in RTShaderSystem.material(81): token "rtshader_system" is not recognized
16:51:58: Compiler error: unknown error in RTShaderSystem.material(110): token "rtshader_system" is not recognized
16:51:58: Compiler error: unknown error in RTShaderSystem.material(146): token "rtshader_system" is not recognized
16:51:58: Compiler error: unknown error in RTShaderSystem.material(81): token "rtshader_system" is not recognized
16:51:58: Compiler error: unknown error in RTShaderSystem.material(162): token "rtshader_system" is not recognized
16:51:58: Compiler error: unknown error in RTShaderSystem.material(81): token "rtshader_system" is not recognized
16:51:58: Compiler error: unknown error in RTShaderSystem.material(110): token "rtshader_system" is not recognized
16:51:58: Parsing script RomanBath.material
16:51:58: Parsing script Sinbad.material
16:51:58: Parsing script emitted_emitter.particle
16:51:58: Parsing script Examples-Water.particle
16:51:58: Parsing script Examples.particle
16:51:58: Parsing script smoke.particle
16:51:58: Parsing script Examples.compositor
16:51:58: Parsing script deferred.compositor
16:51:58: Parsing script ssao.compositor
16:51:58: Parsing script sample.fontdef
16:51:58: Finished parsing scripts for resource group Popular
16:51:58: Terrain created; size=513 minBatch=33 maxBatch=65 treeDepth=4 lodLevels=5 leafLods=2
16:52:00: Texture: stevecube_fr.jpg: Loading 1 faces(PF_R8G8B8,512x512x1) with  hardware generated mipmaps from Image. Internal format is PF_X8R8G8B8,512x512x1.
16:52:00: Texture: stevecube_bk.jpg: Loading 1 faces(PF_R8G8B8,512x512x1) with  hardware generated mipmaps from Image. Internal format is PF_X8R8G8B8,512x512x1.
16:52:00: Texture: stevecube_lf.jpg: Loading 1 faces(PF_R8G8B8,512x512x1) with  hardware generated mipmaps from Image. Internal format is PF_X8R8G8B8,512x512x1.
16:52:00: Texture: stevecube_rt.jpg: Loading 1 faces(PF_R8G8B8,512x512x1) with  hardware generated mipmaps from Image. Internal format is PF_X8R8G8B8,512x512x1.
16:52:00: Texture: stevecube_up.jpg: Loading 1 faces(PF_R8G8B8,512x512x1) with  hardware generated mipmaps from Image. Internal format is PF_X8R8G8B8,512x512x1.
16:52:00: Texture: stevecube_dn.jpg: Loading 1 faces(PF_R8G8B8,512x512x1) with  hardware generated mipmaps from Image. Internal format is PF_X8R8G8B8,512x512x1.
16:52:00: *** Initializing OIS ***
16:52:00: D3D9 : Loading 2D Texture, image name : 'dirt_grayrocky_diffusespecular.dds' with 5 mip map levels
16:52:00: D3D9 : Loading 2D Texture, image name : 'dirt_grayrocky_normalheight.dds' with 5 mip map levels
16:52:01: D3D9 : Loading 2D Texture, image name : 'grass_green-01_diffusespecular.dds' with 5 mip map levels
16:52:01: D3D9 : Loading 2D Texture, image name : 'grass_green-01_normalheight.dds' with 5 mip map levels
16:52:01: D3D9 : Loading 2D Texture, image name : 'growth_weirdfungus-03_diffusespecular.dds' with 5 mip map levels
16:52:01: D3D9 : Loading 2D Texture, image name : 'growth_weirdfungus-03_normalheight.dds' with 5 mip map levels
16:52:01: Font SdkTrays/Captionusing texture size 512x256
16:52:01: Info: Freetype returned null for character 160 in font SdkTrays/Caption
16:52:01: Texture: SdkTrays/CaptionTexture: Loading 1 faces(PF_BYTE_LA,512x256x1) with 0 generated mipmaps from Image. Internal format is PF_BYTE_LA,512x256x1.
16:52:01: Font SdkTrays/Valueusing texture size 512x512
16:52:01: Info: Freetype returned null for character 127 in font SdkTrays/Value
16:52:01: Info: Freetype returned null for character 128 in font SdkTrays/Value
16:52:01: Info: Freetype returned null for character 129 in font SdkTrays/Value
16:52:01: Info: Freetype returned null for character 130 in font SdkTrays/Value
16:52:01: Info: Freetype returned null for character 131 in font SdkTrays/Value
16:52:01: Info: Freetype returned null for character 132 in font SdkTrays/Value
16:52:01: Info: Freetype returned null for character 133 in font SdkTrays/Value
16:52:01: Info: Freetype returned null for character 134 in font SdkTrays/Value
16:52:01: Info: Freetype returned null for character 135 in font SdkTrays/Value
16:52:01: Info: Freetype returned null for character 136 in font SdkTrays/Value
16:52:01: Info: Freetype returned null for character 137 in font SdkTrays/Value
16:52:01: Info: Freetype returned null for character 138 in font SdkTrays/Value
16:52:01: Info: Freetype returned null for character 139 in font SdkTrays/Value
16:52:01: Info: Freetype returned null for character 140 in font SdkTrays/Value
16:52:01: Info: Freetype returned null for character 141 in font SdkTrays/Value
16:52:01: Info: Freetype returned null for character 142 in font SdkTrays/Value
16:52:01: Info: Freetype returned null for character 143 in font SdkTrays/Value
16:52:01: Info: Freetype returned null for character 144 in font SdkTrays/Value
16:52:01: Info: Freetype returned null for character 145 in font SdkTrays/Value
16:52:01: Info: Freetype returned null for character 146 in font SdkTrays/Value
16:52:01: Info: Freetype returned null for character 147 in font SdkTrays/Value
16:52:01: Info: Freetype returned null for character 148 in font SdkTrays/Value
16:52:01: Info: Freetype returned null for character 149 in font SdkTrays/Value
16:52:01: Info: Freetype returned null for character 150 in font SdkTrays/Value
16:52:01: Info: Freetype returned null for character 151 in font SdkTrays/Value
16:52:01: Info: Freetype returned null for character 152 in font SdkTrays/Value
16:52:01: Info: Freetype returned null for character 153 in font SdkTrays/Value
16:52:01: Info: Freetype returned null for character 154 in font SdkTrays/Value
16:52:01: Info: Freetype returned null for character 155 in font SdkTrays/Value
16:52:01: Info: Freetype returned null for character 156 in font SdkTrays/Value
16:52:01: Info: Freetype returned null for character 157 in font SdkTrays/Value
16:52:01: Info: Freetype returned null for character 158 in font SdkTrays/Value
16:52:01: Info: Freetype returned null for character 159 in font SdkTrays/Value
16:52:01: Info: Freetype returned null for character 160 in font SdkTrays/Value
16:52:01: Texture: SdkTrays/ValueTexture: Loading 1 faces(PF_BYTE_LA,512x512x1) with 0 generated mipmaps from Image. Internal format is PF_BYTE_LA,512x512x1.
16:54:56: DefaultWorkQueue('Root') shutting down on thread 00459900.
16:54:56: DefaultWorkQueue('Root')::WorkerFunc - thread 0051FDF8 stopped.
16:54:56: DefaultWorkQueue('Root')::WorkerFunc - thread 00529930 stopped.
16:54:56: DefaultWorkQueue('Root')::WorkerFunc - thread 0051FD88 stopped.
16:54:56: DefaultWorkQueue('Root')::WorkerFunc - thread 00526438 stopped.
16:54:56: PCZone Factory Type 'ZoneType_Octree' unregistered
16:54:56: PCZone Factory Type 'ZoneType_Terrain' unregistered
16:54:56: Unregistering ResourceManager for type BspLevel
16:54:56: *-*-* OGRE Shutdown
16:54:56: Unregistering ResourceManager for type Compositor
16:54:56: Unregistering ResourceManager for type Font
16:54:56: Unregistering ResourceManager for type Skeleton
16:54:56: Unregistering ResourceManager for type Mesh
16:54:56: Unregistering ResourceManager for type HighLevelGpuProgram
16:54:56: Uninstalling plugin: Octree & Terrain Scene Manager
16:54:56: Plugin successfully uninstalled
16:54:56: Unloading library .\Plugin_OctreeSceneManager_d
16:54:56: Uninstalling plugin: Octree Zone Factory
16:54:56: Plugin successfully uninstalled
16:54:56: Unloading library .\Plugin_OctreeZone_d
16:54:56: Uninstalling plugin: Portal Connected Zone Scene Manager
16:54:56: Plugin successfully uninstalled
16:54:56: Unloading library .\Plugin_PCZSceneManager_d
16:54:56: Uninstalling plugin: Cg Program Manager
16:54:56: Plugin successfully uninstalled
16:54:56: Unloading library .\Plugin_CgProgramManager_d
16:54:56: Uninstalling plugin: BSP Scene Manager
16:54:56: Plugin successfully uninstalled
16:54:56: Unloading library .\Plugin_BSPSceneManager_d
16:54:56: Uninstalling plugin: ParticleFX
16:54:56: Plugin successfully uninstalled
16:54:56: Unloading library .\Plugin_ParticleFX_d
16:54:56: Uninstalling plugin: GL RenderSystem
16:54:56: *** Stopping Win32GL Subsystem ***
16:54:56: Plugin successfully uninstalled
16:54:56: Unloading library .\RenderSystem_GL_d
16:54:56: Uninstalling plugin: D3D9 RenderSystem
16:54:57: D3D9 : Shutting down cleanly.
16:54:57: Unregistering ResourceManager for type Texture
16:54:57: Unregistering ResourceManager for type GpuProgram
16:54:57: D3D9 : Direct3D9 Rendering Subsystem destroyed.
16:54:57: Plugin successfully uninstalled
16:54:57: Unloading library .\RenderSystem_Direct3D9_d
16:54:57: Unregistering ResourceManager for type Material
