E:\SDK\GAMEAPP\GAMEAPP\RELEASE\ADVANCEDOGREFRAMEWORK.OBJ
E:\SDK\GAMEAPP\GAMEAPP\RELEASE\APPSTATEMANAGER.OBJ
E:\SDK\GameApp\GameApp\Release\cl.command.1.tlog
E:\SDK\GameApp\GameApp\Release\CL.read.1.tlog
E:\SDK\GameApp\GameApp\Release\CL.write.1.tlog
E:\SDK\GAMEAPP\GAMEAPP\RELEASE\DEMOAPP.OBJ
E:\SDK\GAMEAPP\GAMEAPP\RELEASE\DOTSCENELOADER.OBJ
E:\SDK\GAMEAPP\GAMEAPP\RELEASE\GAMEAPP.EXE
E:\SDK\GAMEAPP\GAMEAPP\RELEASE\GAMEAPP.EXE.INTERMEDIATE.MANIFEST
E:\SDK\GameApp\GameApp\Release\GameApp.pdb
E:\SDK\GAMEAPP\GAMEAPP\RELEASE\GAMESTATE.OBJ
E:\SDK\GameApp\GameApp\Release\link.command.1.tlog
E:\SDK\GameApp\GameApp\Release\link.read.1.tlog
E:\SDK\GameApp\GameApp\Release\link.write.1.tlog
E:\SDK\GAMEAPP\GAMEAPP\RELEASE\MAIN.OBJ
E:\SDK\GAMEAPP\GAMEAPP\RELEASE\MENUSTATE.OBJ
E:\SDK\GameApp\GameApp\Release\mt.command.1.tlog
E:\SDK\GameApp\GameApp\Release\mt.read.1.tlog
E:\SDK\GameApp\GameApp\Release\mt.write.1.tlog
E:\SDK\GAMEAPP\GAMEAPP\RELEASE\PAUSESTATE.OBJ
E:\SDK\GAMEAPP\GAMEAPP\RELEASE\VC100.PDB
E:\SDK\GAMEAPP\RELEASE\GAMEAPP.EXE
E:\SDK\GAMEAPP\RELEASE\GAMEAPP.PDB
