E:\SDK\GAMEAPP\DEBUG\GAMEAPP.EXE
E:\SDK\GAMEAPP\DEBUG\GAMEAPP.ILK
E:\SDK\GAMEAPP\DEBUG\GAMEAPP.PDB
E:\SDK\GAMEAPP\GAMEAPP\DEBUG\ADVANCEDOGREFRAMEWORK.OBJ
E:\SDK\GAMEAPP\GAMEAPP\DEBUG\APPSTATEMANAGER.OBJ
E:\SDK\GameApp\GameApp\Debug\cl.command.1.tlog
E:\SDK\GameApp\GameApp\Debug\CL.read.1.tlog
E:\SDK\GameApp\GameApp\Debug\CL.write.1.tlog
E:\SDK\GAMEAPP\GAMEAPP\DEBUG\DEMOAPP.OBJ
E:\SDK\GAMEAPP\GAMEAPP\DEBUG\DOTSCENELOADER.OBJ
E:\SDK\GAMEAPP\GAMEAPP\DEBUG\GAMEAPP.EXE.EMBED.MANIFEST
E:\SDK\GAMEAPP\GAMEAPP\DEBUG\GAMEAPP.EXE.EMBED.MANIFEST.RES
E:\SDK\GAMEAPP\GAMEAPP\DEBUG\GAMEAPP.EXE.INTERMEDIATE.MANIFEST
E:\SDK\GameApp\GameApp\Debug\GameApp_manifest.rc
E:\SDK\GAMEAPP\GAMEAPP\DEBUG\GAMESTATE.OBJ
E:\SDK\GameApp\GameApp\Debug\link.2768.read.1.tlog
E:\SDK\GameApp\GameApp\Debug\link.2768.write.1.tlog
E:\SDK\GameApp\GameApp\Debug\link.2768-cvtres.read.1.tlog
E:\SDK\GameApp\GameApp\Debug\link.2768-cvtres.write.1.tlog
E:\SDK\GameApp\GameApp\Debug\link.3392.read.1.tlog
E:\SDK\GameApp\GameApp\Debug\link.3392.write.1.tlog
E:\SDK\GameApp\GameApp\Debug\link.3392-cvtres.read.1.tlog
E:\SDK\GameApp\GameApp\Debug\link.3392-cvtres.write.1.tlog
E:\SDK\GameApp\GameApp\Debug\link.4108.read.1.tlog
E:\SDK\GameApp\GameApp\Debug\link.4108.write.1.tlog
E:\SDK\GameApp\GameApp\Debug\link.4108-cvtres.read.1.tlog
E:\SDK\GameApp\GameApp\Debug\link.4108-cvtres.write.1.tlog
E:\SDK\GameApp\GameApp\Debug\link.command.1.tlog
E:\SDK\GameApp\GameApp\Debug\link.read.1.tlog
E:\SDK\GameApp\GameApp\Debug\link.write.1.tlog
E:\SDK\GameApp\GameApp\Debug\link-cvtres.read.1.tlog
E:\SDK\GameApp\GameApp\Debug\link-cvtres.write.1.tlog
E:\SDK\GAMEAPP\GAMEAPP\DEBUG\MAIN.OBJ
E:\SDK\GAMEAPP\GAMEAPP\DEBUG\MENUSTATE.OBJ
E:\SDK\GameApp\GameApp\Debug\mt.command.1.tlog
E:\SDK\GameApp\GameApp\Debug\mt.read.1.tlog
E:\SDK\GameApp\GameApp\Debug\mt.write.1.tlog
E:\SDK\GAMEAPP\GAMEAPP\DEBUG\PAUSESTATE.OBJ
E:\SDK\GameApp\GameApp\Debug\rc.command.1.tlog
E:\SDK\GameApp\GameApp\Debug\rc.read.1.tlog
E:\SDK\GameApp\GameApp\Debug\rc.write.1.tlog
E:\SDK\GameApp\GameApp\Debug\vc100.idb
E:\SDK\GAMEAPP\GAMEAPP\DEBUG\VC100.PDB
