Build started 28/09/2011 11:22:27.
     1>Project "C:\Group-Work\SDK\GameApp\GameApp\GameApp.vcxproj" on node 2 (build target(s)).
     1>InitializeBuildStatus:
         Creating "Debug\GameApp.unsuccessfulbuild" because "AlwaysCreate" was specified.
       ClCompile:
         c:\Program Files (x86)\Microsoft Visual Studio 10.0\VC\bin\CL.exe /c /IE:\SDK\Ogre\include /IE:\SDK\Ogre\include\OIS /IE:\SDK\Ogre\include\OGRE /IE:\SDK\Ogre\Samples\Common\include /IE:\SDK\Ogre\boost_1_42 /ZI /nologo /W3 /WX- /Od /Oy- /D WIN32 /D _DEBUG /D _WINDOWS /D _MBCS /Gm /EHsc /RTC1 /MDd /GS /fp:precise /Zc:wchar_t /Zc:forScope /Fo"Debug\\" /Fd"Debug\vc100.pdb" /Gd /TP /analyze- /errorReport:prompt AdvancedOgreFramework.cpp AppStateManager.cpp DemoApp.cpp DotSceneLoader.cpp GameState.cpp main.cpp MenuState.cpp PauseState.cpp
         PauseState.cpp
         MenuState.cpp
         main.cpp
         GameState.cpp
         DotSceneLoader.cpp
         DemoApp.cpp
         AppStateManager.cpp
         AdvancedOgreFramework.cpp
         Generating Code...
       ManifestResourceCompile:
         C:\Program Files (x86)\Microsoft SDKs\Windows\v7.0A\bin\rc.exe /nologo /fo"Debug\GameApp.exe.embed.manifest.res" Debug\GameApp_manifest.rc 
       Link:
         c:\Program Files (x86)\Microsoft Visual Studio 10.0\VC\bin\link.exe /ERRORREPORT:PROMPT /OUT:"C:\Group-Work\SDK\GameApp\\Debug\GameApp.exe" /INCREMENTAL /NOLOGO /LIBPATH:E:\SDK\Ogre\lib\Debug /LIBPATH:E:\SDK\Ogre\boost_1_42\lib OgreTerrain_d.lib OgreMain_d.lib OIS_d.lib kernel32.lib user32.lib gdi32.lib winspool.lib comdlg32.lib advapi32.lib shell32.lib ole32.lib oleaut32.lib uuid.lib odbc32.lib odbccp32.lib /MANIFEST /ManifestFile:"Debug\GameApp.exe.intermediate.manifest" /MANIFESTUAC:"level='asInvoker' uiAccess='false'" /DEBUG /PDB:"C:\Group-Work\SDK\GameApp\Debug\GameApp.pdb" /SUBSYSTEM:WINDOWS /TLBID:1 /DYNAMICBASE /NXCOMPAT /IMPLIB:"C:\Group-Work\SDK\GameApp\\Debug\GameApp.lib" /MACHINE:X86 Debug\GameApp.exe.embed.manifest.res
         Debug\AdvancedOgreFramework.obj
         Debug\AppStateManager.obj
         Debug\DemoApp.obj
         Debug\DotSceneLoader.obj
         Debug\GameState.obj
         Debug\main.obj
         Debug\MenuState.obj
         Debug\PauseState.obj
     1>LINK : fatal error LNK1168: cannot open C:\Group-Work\SDK\GameApp\\Debug\GameApp.exe for writing
     1>Done Building Project "C:\Group-Work\SDK\GameApp\GameApp\GameApp.vcxproj" (build target(s)) -- FAILED.

Build FAILED.

Time Elapsed 00:00:50.97
